[19:54:02] [Server thread/INFO]: Starting minecraft server version 1.8.8
[19:54:02] [Server thread/INFO]: Loading properties
[19:54:02] [Server thread/INFO]: Default game type: SURVIVAL
[19:54:02] [Server thread/INFO]: This server is running CraftBukkit version git-Spigot-db6de12-3f3c65f (MC: 1.8.8) (Implementing API version 1.8.8-R0.1-SNAPSHOT)
[19:54:02] [Server thread/INFO]: Debug logging is disabled
[19:54:02] [Server thread/INFO]: Using 4 threads for Netty based IO
[19:54:02] [Server thread/INFO]: Server Ping Player Sample Count: 12
[19:54:02] [Server thread/INFO]: Generating keypair
[19:54:03] [Server thread/INFO]: Starting Minecraft server on *:25565
[19:54:03] [Server thread/INFO]: Using default channel type
[19:54:04] [Server thread/INFO]: Set PluginClassLoader as parallel capable
[19:54:04] [Server thread/INFO]: [AdminTool] Loading AdminTool v1.3.5
[19:54:04] [Server thread/INFO]: [RamPingController] Loading RamPingController v1.0.0
[19:54:04] [Server thread/INFO]: **** Beginning UUID conversion, this may take A LONG time ****
[19:54:04] [Server thread/INFO]: Preparing level "world"
[19:54:04] [Server thread/INFO]: -------- World Settings For [world] --------
[19:54:04] [Server thread/INFO]: View Distance: 10
[19:54:04] [Server thread/INFO]: Arrow Despawn Rate: 1200
[19:54:04] [Server thread/INFO]: Zombie Aggressive Towards Villager: true
[19:54:04] [Server thread/INFO]: Allow Zombie Pigmen to spawn from portal blocks: true
[19:54:04] [Server thread/INFO]: Item Merge Radius: 2.5
[19:54:04] [Server thread/INFO]: Item Despawn Rate: 6000
[19:54:04] [Server thread/INFO]: Nerfing mobs spawned from spawners: false
[19:54:04] [Server thread/INFO]: Anti X-Ray: true
[19:54:04] [Server thread/INFO]: 	Engine Mode: 1
[19:54:04] [Server thread/INFO]: 	Hidden Blocks: [14, 15, 16, 21, 48, 49, 54, 56, 73, 74, 82, 129, 130]
[19:54:04] [Server thread/INFO]: 	Replace Blocks: [1, 5]
[19:54:04] [Server thread/INFO]: Mob Spawn Range: 4
[19:54:04] [Server thread/INFO]: Random Lighting Updates: false
[19:54:04] [Server thread/INFO]: Tile Max Tick Time: 50ms Entity max Tick Time: 50ms
[19:54:04] [Server thread/INFO]: Sending up to 10 chunks per packet
[19:54:04] [Server thread/INFO]: Max TNT Explosions: 100
[19:54:04] [Server thread/INFO]: Cactus Growth Modifier: 100%
[19:54:04] [Server thread/INFO]: Cane Growth Modifier: 100%
[19:54:04] [Server thread/INFO]: Melon Growth Modifier: 100%
[19:54:04] [Server thread/INFO]: Mushroom Growth Modifier: 100%
[19:54:04] [Server thread/INFO]: Pumpkin Growth Modifier: 100%
[19:54:04] [Server thread/INFO]: Sapling Growth Modifier: 100%
[19:54:04] [Server thread/INFO]: Wheat Growth Modifier: 100%
[19:54:04] [Server thread/INFO]: NetherWart Growth Modifier: 100%
[19:54:04] [Server thread/INFO]: Structure Info Saving: true
[19:54:04] [Server thread/INFO]: Hopper Transfer: 8 Hopper Check: 8 Hopper Amount: 1
[19:54:04] [Server thread/INFO]: Entity Activation Range: An 32 / Mo 32 / Mi 16
[19:54:04] [Server thread/INFO]: Entity Tracking Range: Pl 48 / An 48 / Mo 48 / Mi 32 / Other 64
[19:54:04] [Server thread/INFO]: Custom Map Seeds:  Village: 10387312 Feature: 14357617
[19:54:04] [Server thread/INFO]: Max Entity Collisions: 8
[19:54:04] [Server thread/INFO]: Experience Merge Radius: 3.0
[19:54:04] [Server thread/INFO]: Chunks to Grow per Tick: 650
[19:54:04] [Server thread/INFO]: Clear tick list: false
[19:54:04] [Server thread/INFO]: -------- World Settings For [world_nether] --------
[19:54:04] [Server thread/INFO]: View Distance: 10
[19:54:04] [Server thread/INFO]: Arrow Despawn Rate: 1200
[19:54:04] [Server thread/INFO]: Zombie Aggressive Towards Villager: true
[19:54:04] [Server thread/INFO]: Allow Zombie Pigmen to spawn from portal blocks: true
[19:54:04] [Server thread/INFO]: Item Merge Radius: 2.5
[19:54:04] [Server thread/INFO]: Item Despawn Rate: 6000
[19:54:04] [Server thread/INFO]: Nerfing mobs spawned from spawners: false
[19:54:04] [Server thread/INFO]: Anti X-Ray: true
[19:54:04] [Server thread/INFO]: 	Engine Mode: 1
[19:54:04] [Server thread/INFO]: 	Hidden Blocks: [14, 15, 16, 21, 48, 49, 54, 56, 73, 74, 82, 129, 130]
[19:54:04] [Server thread/INFO]: 	Replace Blocks: [1, 5]
[19:54:04] [Server thread/INFO]: Mob Spawn Range: 4
[19:54:04] [Server thread/INFO]: Random Lighting Updates: false
[19:54:04] [Server thread/INFO]: Tile Max Tick Time: 50ms Entity max Tick Time: 50ms
[19:54:04] [Server thread/INFO]: Sending up to 10 chunks per packet
[19:54:04] [Server thread/INFO]: Max TNT Explosions: 100
[19:54:04] [Server thread/INFO]: Cactus Growth Modifier: 100%
[19:54:04] [Server thread/INFO]: Cane Growth Modifier: 100%
[19:54:04] [Server thread/INFO]: Melon Growth Modifier: 100%
[19:54:04] [Server thread/INFO]: Mushroom Growth Modifier: 100%
[19:54:04] [Server thread/INFO]: Pumpkin Growth Modifier: 100%
[19:54:04] [Server thread/INFO]: Sapling Growth Modifier: 100%
[19:54:04] [Server thread/INFO]: Wheat Growth Modifier: 100%
[19:54:04] [Server thread/INFO]: NetherWart Growth Modifier: 100%
[19:54:04] [Server thread/INFO]: Structure Info Saving: true
[19:54:04] [Server thread/INFO]: Hopper Transfer: 8 Hopper Check: 8 Hopper Amount: 1
[19:54:04] [Server thread/INFO]: Entity Activation Range: An 32 / Mo 32 / Mi 16
[19:54:04] [Server thread/INFO]: Entity Tracking Range: Pl 48 / An 48 / Mo 48 / Mi 32 / Other 64
[19:54:04] [Server thread/INFO]: Custom Map Seeds:  Village: 10387312 Feature: 14357617
[19:54:04] [Server thread/INFO]: Max Entity Collisions: 8
[19:54:04] [Server thread/INFO]: Experience Merge Radius: 3.0
[19:54:04] [Server thread/INFO]: Chunks to Grow per Tick: 650
[19:54:04] [Server thread/INFO]: Clear tick list: false
[19:54:04] [Server thread/INFO]: -------- World Settings For [world_the_end] --------
[19:54:04] [Server thread/INFO]: View Distance: 10
[19:54:04] [Server thread/INFO]: Arrow Despawn Rate: 1200
[19:54:04] [Server thread/INFO]: Zombie Aggressive Towards Villager: true
[19:54:04] [Server thread/INFO]: Allow Zombie Pigmen to spawn from portal blocks: true
[19:54:04] [Server thread/INFO]: Item Merge Radius: 2.5
[19:54:04] [Server thread/INFO]: Item Despawn Rate: 6000
[19:54:04] [Server thread/INFO]: Nerfing mobs spawned from spawners: false
[19:54:04] [Server thread/INFO]: Anti X-Ray: true
[19:54:04] [Server thread/INFO]: 	Engine Mode: 1
[19:54:04] [Server thread/INFO]: 	Hidden Blocks: [14, 15, 16, 21, 48, 49, 54, 56, 73, 74, 82, 129, 130]
[19:54:04] [Server thread/INFO]: 	Replace Blocks: [1, 5]
[19:54:04] [Server thread/INFO]: Mob Spawn Range: 4
[19:54:04] [Server thread/INFO]: Random Lighting Updates: false
[19:54:04] [Server thread/INFO]: Tile Max Tick Time: 50ms Entity max Tick Time: 50ms
[19:54:04] [Server thread/INFO]: Sending up to 10 chunks per packet
[19:54:04] [Server thread/INFO]: Max TNT Explosions: 100
[19:54:04] [Server thread/INFO]: Cactus Growth Modifier: 100%
[19:54:04] [Server thread/INFO]: Cane Growth Modifier: 100%
[19:54:04] [Server thread/INFO]: Melon Growth Modifier: 100%
[19:54:04] [Server thread/INFO]: Mushroom Growth Modifier: 100%
[19:54:04] [Server thread/INFO]: Pumpkin Growth Modifier: 100%
[19:54:04] [Server thread/INFO]: Sapling Growth Modifier: 100%
[19:54:04] [Server thread/INFO]: Wheat Growth Modifier: 100%
[19:54:04] [Server thread/INFO]: NetherWart Growth Modifier: 100%
[19:54:04] [Server thread/INFO]: Structure Info Saving: true
[19:54:04] [Server thread/INFO]: Hopper Transfer: 8 Hopper Check: 8 Hopper Amount: 1
[19:54:04] [Server thread/INFO]: Entity Activation Range: An 32 / Mo 32 / Mi 16
[19:54:04] [Server thread/INFO]: Entity Tracking Range: Pl 48 / An 48 / Mo 48 / Mi 32 / Other 64
[19:54:04] [Server thread/INFO]: Custom Map Seeds:  Village: 10387312 Feature: 14357617
[19:54:04] [Server thread/INFO]: Max Entity Collisions: 8
[19:54:04] [Server thread/INFO]: Experience Merge Radius: 3.0
[19:54:04] [Server thread/INFO]: Chunks to Grow per Tick: 650
[19:54:04] [Server thread/INFO]: Clear tick list: false
[19:54:04] [Server thread/INFO]: Preparing start region for level 0 (Seed: -1828831316647910686)
[19:54:06] [Server thread/INFO]: Preparing spawn area: 13%
[19:54:07] [Server thread/INFO]: Preparing spawn area: 69%
[19:54:07] [Server thread/INFO]: Preparing start region for level 1 (Seed: -1828831316647910686)
[19:54:08] [Server thread/INFO]: Preparing spawn area: 81%
[19:54:09] [Server thread/INFO]: Preparing start region for level 2 (Seed: -1828831316647910686)
[19:54:09] [Server thread/INFO]: [AdminTool] Enabling AdminTool v1.3.5
[19:54:09] [Server thread/INFO]: [AdminTool] Plugin enabled!
[19:54:09] [Server thread/INFO]: [RamPingController] Enabling RamPingController v1.0.0
[19:54:09] [Server thread/INFO]: RamPingController§a is now ready to use !
[19:54:09] [Server thread/INFO]: Server permissions file permissions.yml is empty, ignoring it
[19:54:09] [Server thread/INFO]: Done (5,468s)! For help, type "help" or "?"
[19:54:52] [User Authenticator #1/INFO]: UUID of player Michi_amk is ba9c9caa-1f6c-46b1-9c7a-2ada2a844fd8
[19:54:52] [Server thread/INFO]: Michi_amk[/127.0.0.1:51255] logged in with entity id 202 at ([world]415.9110354911927, 68.0, 399.0851740478775)
[19:55:12] [Server thread/INFO]: Michi_amk issued server command: /admingui clearchat
[19:55:15] [Server thread/INFO]: Michi_amk issued server command: /admingui clearchat
[19:55:18] [Server thread/INFO]: Michi_amk lost connection: Disconnected
[19:55:18] [Server thread/INFO]: Michi_amk left the game.
